<?xml version="1.0" encoding="UTF-8"?>
<!-- Generated by org.testng.reporters.JUnitXMLReporter -->
<testsuite ignored="0" hostname="Diptalok_Sahoo" failures="0" tests="5" name="TestRunner2" time="0.064" errors="0" timestamp="2024-01-19T08:54:17 IST">
  <testcase classname="Selenium_WebDriver_TestNG.S3__TestNG_Methods" name="CreateContact" time="0.008"/>
  <testcase classname="Selenium_WebDriver_TestNG.S3__TestNG_Methods" name="CreateContact" time="0.001"/>
  <testcase classname="Selenium_WebDriver_TestNG.S3__TestNG_Methods" name="CreateContact" time="0.002"/>
  <testcase classname="Selenium_WebDriver_TestNG.S3__TestNG_Methods" name="DeleteContact" time="0.001"/>
  <testcase classname="Selenium_WebDriver_TestNG.S3__TestNG_Methods" name="ModifyContact" time="0.001"/>
</testsuite> <!-- TestRunner2 -->
