<?xml version="1.0" encoding="UTF-8"?>
<testng-results ignored="0" total="1" passed="1" failed="0" skipped="0">
  <reporter-output>
  </reporter-output>
  <suite started-at="2024-02-19T22:23:01 IST" name="Default suite" finished-at="2024-02-19T22:23:20 IST" duration-ms="18599">
    <groups>
    </groups>
    <test started-at="2024-02-19T22:23:01 IST" name="Default test" finished-at="2024-02-19T22:23:20 IST" duration-ms="18599">
      <class name="Selenium_WebDriver_TestNG.T2__Captcha_Handling">
        <test-method signature="cap()[pri:0, instance:Selenium_WebDriver_TestNG.T2__Captcha_Handling@248e319b]" started-at="2024-02-19T22:23:01 IST" name="cap" finished-at="2024-02-19T22:23:20 IST" duration-ms="18530" status="PASS">
          <reporter-output>
          </reporter-output>
        </test-method> <!-- cap -->
      </class> <!-- Selenium_WebDriver_TestNG.T2__Captcha_Handling -->
    </test> <!-- Default test -->
  </suite> <!-- Default suite -->
</testng-results>
